<?xml version="1.0" encoding="UTF-8"?>
<!-- Generated by org.testng.reporters.JUnitReportReporter -->
<testsuite hostname="Swaminarayan" name="com.testing.TestFile" tests="2" failures="0" timestamp="27 Apr 2020 20:33:12 GMT" time="29.151" errors="0">
  <testcase name="searchCanadaTest" time="15.146" classname="com.testing.TestFile"/>
  <testcase name="searchIndiaTest" time="14.005" classname="com.testing.TestFile"/>
</testsuite> <!-- com.testing.TestFile -->
