<?xml version="1.0" encoding="UTF-8"?>
<!-- Generated by org.testng.reporters.JUnitReportReporter -->
<testsuite hostname="Swaminarayan" name="com.testing.AppTest" tests="1" failures="0" timestamp="27 Apr 2020 18:53:11 GMT" time="21.756" errors="0">
  <testcase name="attributeTest" time="21.756" classname="com.testing.AppTest"/>
</testsuite> <!-- com.testing.AppTest -->
