<?xml version="1.0" encoding="UTF-8"?>
<!-- Generated by org.testng.reporters.JUnitReportReporter -->
<testsuite hostname="Swaminarayan" name="com.testing.GmailTestFile" tests="1" failures="0" timestamp="1 Aug 2020 02:24:53 GMT" time="14.878" errors="0">
  <testcase name="loginWithValidCredentialsTest" time="14.878" classname="com.testing.GmailTestFile"/>
</testsuite> <!-- com.testing.GmailTestFile -->
