<?xml version="1.0" encoding="UTF-8"?>
<!-- Generated by org.testng.reporters.JUnitReportReporter -->
<testsuite hostname="Swaminarayan" name="com.testing.AppTest" tests="1" failures="0" timestamp="27 Apr 2020 20:32:22 GMT" time="15.223" errors="0">
  <testcase name="attributeTest" time="15.223" classname="com.testing.AppTest"/>
</testsuite> <!-- com.testing.AppTest -->
